24/07/2018 12:31:10 p. m.	This log contains information about the import schema operation into project 'DulceriaDatabase' on computer 'DESKTOP-Q5NH2QB' by user 'Hp'.
24/07/2018 12:31:10 p. m.	Import of database schema has started.
24/07/2018 12:31:11 p. m.	Gathering database credentials
24/07/2018 12:31:11 p. m.	Gathering database options
24/07/2018 12:31:11 p. m.	Gathering generic database scoped configuration option
24/07/2018 12:31:11 p. m.	Gathering users
24/07/2018 12:31:11 p. m.	Gathering roles
24/07/2018 12:31:11 p. m.	Gathering application roles
24/07/2018 12:31:11 p. m.	Gathering role memberships
24/07/2018 12:31:11 p. m.	Gathering filegroups
24/07/2018 12:31:11 p. m.	Gathering full-text catalogs
24/07/2018 12:31:11 p. m.	Gathering assemblies
24/07/2018 12:31:11 p. m.	Gathering certificates
24/07/2018 12:31:11 p. m.	Gathering asymmetric keys
24/07/2018 12:31:11 p. m.	Gathering symmetric keys
24/07/2018 12:31:11 p. m.	Gathering encrypted symmetric keys
24/07/2018 12:31:11 p. m.	Gathering schemas
24/07/2018 12:31:11 p. m.	Gathering XML schema collections
24/07/2018 12:31:11 p. m.	Gathering user-defined data types
24/07/2018 12:31:11 p. m.	Gathering user-defined types
24/07/2018 12:31:11 p. m.	Gathering table types
24/07/2018 12:31:11 p. m.	Gathering unique keys for table types
24/07/2018 12:31:11 p. m.	Gathering primary keys for table types
24/07/2018 12:31:11 p. m.	Gathering indexes for table types
24/07/2018 12:31:11 p. m.	Gathering check constraints for table types
24/07/2018 12:31:11 p. m.	Gathering default constraints for table types
24/07/2018 12:31:11 p. m.	Gathering partition functions
24/07/2018 12:31:11 p. m.	Gathering partition schemes
24/07/2018 12:31:11 p. m.	Gathering functions
24/07/2018 12:31:11 p. m.	Gathering encrypted functions
24/07/2018 12:31:11 p. m.	Gathering aggregates
24/07/2018 12:31:11 p. m.	Gathering procedures
24/07/2018 12:31:11 p. m.	Gathering encrypted procedures
24/07/2018 12:31:11 p. m.	Gathering tables
24/07/2018 12:31:11 p. m.	Gathering primary keys
24/07/2018 12:31:11 p. m.	Gathering unique constraints
24/07/2018 12:31:11 p. m.	Gathering foreign keys
24/07/2018 12:31:11 p. m.	Gathering default constraints
24/07/2018 12:31:11 p. m.	Gathering check constraints
24/07/2018 12:31:11 p. m.	Gathering views
24/07/2018 12:31:11 p. m.	Gathering encrypted views
24/07/2018 12:31:11 p. m.	Gathering indexes
24/07/2018 12:31:11 p. m.	Gathering statistics
24/07/2018 12:31:11 p. m.	Gathering full-text index stoplists
24/07/2018 12:31:11 p. m.	Gathering search property lists
24/07/2018 12:31:11 p. m.	Gathering search properties
24/07/2018 12:31:11 p. m.	Gathering full-text indexes
24/07/2018 12:31:11 p. m.	Gathering column store indexes
24/07/2018 12:31:11 p. m.	Gathering spatial indexes
24/07/2018 12:31:11 p. m.	Gathering XML indexes
24/07/2018 12:31:11 p. m.	Gathering Selective XML indexes
24/07/2018 12:31:11 p. m.	Gathering encrypted triggers
24/07/2018 12:31:11 p. m.	Gathering triggers
24/07/2018 12:31:11 p. m.	Gathering encrypted and clr ddl triggers
24/07/2018 12:31:11 p. m.	Gathering ddl triggers
24/07/2018 12:31:11 p. m.	Gathering synonyms
24/07/2018 12:31:11 p. m.	Gathering defaults
24/07/2018 12:31:11 p. m.	Gathering data constraint uddt bindings
24/07/2018 12:31:11 p. m.	Gathering rules
24/07/2018 12:31:11 p. m.	Gathering data constraint uddt bindings
24/07/2018 12:31:11 p. m.	Gathering message types
24/07/2018 12:31:11 p. m.	Gathering queues
24/07/2018 12:31:11 p. m.	Gathering contracts
24/07/2018 12:31:11 p. m.	Gathering services
24/07/2018 12:31:11 p. m.	Gathering event notifications
24/07/2018 12:31:11 p. m.	Gathering remote service bindings
24/07/2018 12:31:11 p. m.	Gathering broker priorities
24/07/2018 12:31:11 p. m.	Gathering signatures
24/07/2018 12:31:11 p. m.	Gathering data compression options
24/07/2018 12:31:11 p. m.	Gathering sequence types
24/07/2018 12:31:11 p. m.	Gathering security policies
24/07/2018 12:31:11 p. m.	Gather column encryption keys
24/07/2018 12:31:11 p. m.	Gathering column master keys
24/07/2018 12:31:11 p. m.	Gathering external data sources
24/07/2018 12:31:11 p. m.	Gathering external file formats
24/07/2018 12:31:11 p. m.	Gathering external tables
24/07/2018 12:31:11 p. m.	Gathering extended properties
24/07/2018 12:31:11 p. m.	Gathering credentials
24/07/2018 12:31:11 p. m.	Gathering logins
24/07/2018 12:31:11 p. m.	Gathering server audits
24/07/2018 12:31:11 p. m.	Scanning project for duplicate elements
24/07/2018 12:31:11 p. m.	Finished duplicate element processing
24/07/2018 12:31:12 p. m.	Finished importing database.
24/07/2018 12:31:12 p. m.	A summary of the import was saved to the following location: C:\Users\Hp\Google Drive\Proyectos\Dulceria\DulceriaDatabase\Import Schema Logs\DulceriaDatabase_20180724053110.log
24/07/2018 12:31:12 p. m.	Click Finish to continue...
